<?xml version="1.0" encoding="UTF-8"?>
<!-- Generated by org.testng.reporters.JUnitXMLReporter -->
<testsuite hostname="Syeds-MacBook-Pro.local" ignored="0" name="Test" tests="2" failures="2" timestamp="23 Feb 2019 23:02:01 GMT" time="12.687" errors="0">
  <testcase name="validateSearchBox" time="0.012" classname="testcases.ValidateSearchBox">
    <failure type="java.lang.NullPointerException">
      <![CDATA[java.lang.NullPointerException
at org.openqa.selenium.support.pagefactory.DefaultElementLocator.findElement(DefaultElementLocator.java:69)
at org.openqa.selenium.support.pagefactory.internal.LocatingElementHandler.invoke(LocatingElementHandler.java:38)
at com.sun.proxy.$Proxy11.isDisplayed(Unknown Source)
at testcases.ValidateSearchBox.validateSearchBox(ValidateSearchBox.java:14)
... Removed 25 stack frames]]>
    </failure>
  </testcase> <!-- validateSearchBox -->
  <testcase name="validateSearchButton" time="0.003" classname="testcases.ValidateSearchBox">
    <failure type="java.lang.NullPointerException">
      <![CDATA[java.lang.NullPointerException
at org.openqa.selenium.support.pagefactory.DefaultElementLocator.findElement(DefaultElementLocator.java:69)
at org.openqa.selenium.support.pagefactory.internal.LocatingElementHandler.invoke(LocatingElementHandler.java:38)
at com.sun.proxy.$Proxy11.isDisplayed(Unknown Source)
at testcases.ValidateSearchBox.validateSearchButton(ValidateSearchBox.java:24)
... Removed 25 stack frames]]>
    </failure>
  </testcase> <!-- validateSearchButton -->
</testsuite> <!-- Test -->
