<?xml version="1.0" encoding="UTF-8"?>
<testng-results skipped="0" failed="2" ignored="0" total="2" passed="0">
  <reporter-output>
  </reporter-output>
  <suite name="Suite" duration-ms="12687" started-at="2019-02-23T23:01:43Z" finished-at="2019-02-23T23:01:56Z">
    <groups>
    </groups>
    <test name="Test" duration-ms="12687" started-at="2019-02-23T23:01:43Z" finished-at="2019-02-23T23:01:56Z">
      <class name="testcases.ValidateSearchBox">
        <test-method status="PASS" signature="getSetup()[pri:0, instance:testcases.ValidateSearchBox@ff5b51f]" name="getSetup" is-config="true" duration-ms="2655" started-at="2019-02-23T23:01:43Z" finished-at="2019-02-23T23:01:46Z">
          <reporter-output>
          </reporter-output>
        </test-method> <!-- getSetup -->
        <test-method status="PASS" signature="getBrowser(java.lang.String, java.lang.String)[pri:0, instance:testcases.ValidateSearchBox@ff5b51f]" name="getBrowser" is-config="true" duration-ms="5637" started-at="2019-02-23T23:01:46Z" finished-at="2019-02-23T23:01:52Z">
          <params>
            <param index="0">
              <value>
                <![CDATA[shiblee_1986@outlook.com]]>
              </value>
            </param>
            <param index="1">
              <value>
                <![CDATA[123$abcZY]]>
              </value>
            </param>
          </params>
          <reporter-output>
          </reporter-output>
        </test-method> <!-- getBrowser -->
        <test-method status="FAIL" signature="validateSearchBox()[pri:0, instance:testcases.ValidateSearchBox@ff5b51f]" name="validateSearchBox" duration-ms="12" started-at="2019-02-23T23:01:52Z" finished-at="2019-02-23T23:01:52Z">
          <exception class="java.lang.NullPointerException">
            <full-stacktrace>
              <![CDATA[java.lang.NullPointerException
at org.openqa.selenium.support.pagefactory.DefaultElementLocator.findElement(DefaultElementLocator.java:69)
at org.openqa.selenium.support.pagefactory.internal.LocatingElementHandler.invoke(LocatingElementHandler.java:38)
at com.sun.proxy.$Proxy11.isDisplayed(Unknown Source)
at testcases.ValidateSearchBox.validateSearchBox(ValidateSearchBox.java:14)
at sun.reflect.NativeMethodAccessorImpl.invoke0(Native Method)
at sun.reflect.NativeMethodAccessorImpl.invoke(NativeMethodAccessorImpl.java:62)
at sun.reflect.DelegatingMethodAccessorImpl.invoke(DelegatingMethodAccessorImpl.java:43)
at java.lang.reflect.Method.invoke(Method.java:498)
at org.testng.internal.MethodInvocationHelper.invokeMethod(MethodInvocationHelper.java:124)
at org.testng.internal.Invoker.invokeMethod(Invoker.java:580)
at org.testng.internal.Invoker.invokeTestMethod(Invoker.java:716)
at org.testng.internal.Invoker.invokeTestMethods(Invoker.java:988)
at org.testng.internal.TestMethodWorker.invokeTestMethods(TestMethodWorker.java:125)
at org.testng.internal.TestMethodWorker.run(TestMethodWorker.java:109)
at org.testng.TestRunner.privateRun(TestRunner.java:648)
at org.testng.TestRunner.run(TestRunner.java:505)
at org.testng.SuiteRunner.runTest(SuiteRunner.java:455)
at org.testng.SuiteRunner.runSequentially(SuiteRunner.java:450)
at org.testng.SuiteRunner.privateRun(SuiteRunner.java:415)
at org.testng.SuiteRunner.run(SuiteRunner.java:364)
at org.testng.SuiteRunnerWorker.runSuite(SuiteRunnerWorker.java:52)
at org.testng.SuiteRunnerWorker.run(SuiteRunnerWorker.java:84)
at org.testng.TestNG.runSuitesSequentially(TestNG.java:1208)
at org.testng.TestNG.runSuitesLocally(TestNG.java:1137)
at org.testng.TestNG.runSuites(TestNG.java:1049)
at org.testng.TestNG.run(TestNG.java:1017)
at org.testng.remote.AbstractRemoteTestNG.run(AbstractRemoteTestNG.java:114)
at org.testng.remote.RemoteTestNG.initAndRun(RemoteTestNG.java:251)
at org.testng.remote.RemoteTestNG.main(RemoteTestNG.java:77)
]]>
            </full-stacktrace>
          </exception> <!-- java.lang.NullPointerException -->
          <reporter-output>
          </reporter-output>
        </test-method> <!-- validateSearchBox -->
        <test-method status="PASS" signature="segregateTests()[pri:0, instance:testcases.ValidateSearchBox@ff5b51f]" name="segregateTests" is-config="true" duration-ms="2" started-at="2019-02-23T23:01:52Z" finished-at="2019-02-23T23:01:52Z">
          <reporter-output>
          </reporter-output>
        </test-method> <!-- segregateTests -->
        <test-method status="PASS" signature="getBrowser(java.lang.String, java.lang.String)[pri:0, instance:testcases.ValidateSearchBox@ff5b51f]" name="getBrowser" is-config="true" duration-ms="4332" started-at="2019-02-23T23:01:52Z" finished-at="2019-02-23T23:01:56Z">
          <params>
            <param index="0">
              <value>
                <![CDATA[shiblee_1986@outlook.com]]>
              </value>
            </param>
            <param index="1">
              <value>
                <![CDATA[123$abcZY]]>
              </value>
            </param>
          </params>
          <reporter-output>
          </reporter-output>
        </test-method> <!-- getBrowser -->
        <test-method status="FAIL" signature="validateSearchButton()[pri:0, instance:testcases.ValidateSearchBox@ff5b51f]" name="validateSearchButton" duration-ms="3" started-at="2019-02-23T23:01:56Z" finished-at="2019-02-23T23:01:56Z">
          <exception class="java.lang.NullPointerException">
            <full-stacktrace>
              <![CDATA[java.lang.NullPointerException
at org.openqa.selenium.support.pagefactory.DefaultElementLocator.findElement(DefaultElementLocator.java:69)
at org.openqa.selenium.support.pagefactory.internal.LocatingElementHandler.invoke(LocatingElementHandler.java:38)
at com.sun.proxy.$Proxy11.isDisplayed(Unknown Source)
at testcases.ValidateSearchBox.validateSearchButton(ValidateSearchBox.java:24)
at sun.reflect.NativeMethodAccessorImpl.invoke0(Native Method)
at sun.reflect.NativeMethodAccessorImpl.invoke(NativeMethodAccessorImpl.java:62)
at sun.reflect.DelegatingMethodAccessorImpl.invoke(DelegatingMethodAccessorImpl.java:43)
at java.lang.reflect.Method.invoke(Method.java:498)
at org.testng.internal.MethodInvocationHelper.invokeMethod(MethodInvocationHelper.java:124)
at org.testng.internal.Invoker.invokeMethod(Invoker.java:580)
at org.testng.internal.Invoker.invokeTestMethod(Invoker.java:716)
at org.testng.internal.Invoker.invokeTestMethods(Invoker.java:988)
at org.testng.internal.TestMethodWorker.invokeTestMethods(TestMethodWorker.java:125)
at org.testng.internal.TestMethodWorker.run(TestMethodWorker.java:109)
at org.testng.TestRunner.privateRun(TestRunner.java:648)
at org.testng.TestRunner.run(TestRunner.java:505)
at org.testng.SuiteRunner.runTest(SuiteRunner.java:455)
at org.testng.SuiteRunner.runSequentially(SuiteRunner.java:450)
at org.testng.SuiteRunner.privateRun(SuiteRunner.java:415)
at org.testng.SuiteRunner.run(SuiteRunner.java:364)
at org.testng.SuiteRunnerWorker.runSuite(SuiteRunnerWorker.java:52)
at org.testng.SuiteRunnerWorker.run(SuiteRunnerWorker.java:84)
at org.testng.TestNG.runSuitesSequentially(TestNG.java:1208)
at org.testng.TestNG.runSuitesLocally(TestNG.java:1137)
at org.testng.TestNG.runSuites(TestNG.java:1049)
at org.testng.TestNG.run(TestNG.java:1017)
at org.testng.remote.AbstractRemoteTestNG.run(AbstractRemoteTestNG.java:114)
at org.testng.remote.RemoteTestNG.initAndRun(RemoteTestNG.java:251)
at org.testng.remote.RemoteTestNG.main(RemoteTestNG.java:77)
]]>
            </full-stacktrace>
          </exception> <!-- java.lang.NullPointerException -->
          <reporter-output>
          </reporter-output>
        </test-method> <!-- validateSearchButton -->
        <test-method status="PASS" signature="segregateTests()[pri:0, instance:testcases.ValidateSearchBox@ff5b51f]" name="segregateTests" is-config="true" duration-ms="1" started-at="2019-02-23T23:01:56Z" finished-at="2019-02-23T23:01:56Z">
          <reporter-output>
          </reporter-output>
        </test-method> <!-- segregateTests -->
      </class> <!-- testcases.ValidateSearchBox -->
    </test> <!-- Test -->
  </suite> <!-- Suite -->
</testng-results>
